<?xml version="1.0" encoding="utf-8"?><testsuites name="pytest tests"><testsuite name="pytest" errors="0" failures="0" skipped="0" tests="24" time="11.053" timestamp="2026-05-11T22:18:00.042181+00:00" hostname="agent-env-6ba02f1e-f2ef-40da-bb69-b21ef6024b40"><testcase classname="backend.tests.backend_test_iter2.TestAuth" name="test_admin_login" time="0.463" /><testcase classname="backend.tests.backend_test_iter2.TestRoleRename" name="test_create_capturista_ok" time="0.676" /><testcase classname="backend.tests.backend_test_iter2.TestRoleRename" name="test_create_operador_rejected" time="0.126" /><testcase classname="backend.tests.backend_test_iter2.TestCapturistaRBAC" name="test_capturista_403_on_admin_only_endpoints" time="2.280" /><testcase classname="backend.tests.backend_test_iter2.TestCapturistaRBAC" name="test_capturista_can_create_box_movement" time="0.221" /><testcase classname="backend.tests.backend_test_iter2.TestCapturistaRBAC" name="test_capturista_can_post_remision" time="0.244" /><testcase classname="backend.tests.backend_test_iter2.TestCapturistaRBAC" name="test_capturista_edit_draft_ok_confirmed_403" time="0.465" /><testcase classname="backend.tests.backend_test_iter2.TestCapturistaRBAC" name="test_capturista_cant_cancel_or_delete_rem" time="0.354" /><testcase classname="backend.tests.backend_test_iter2.TestCropCatalog" name="test_seeded_crops" time="0.120" /><testcase classname="backend.tests.backend_test_iter2.TestCropCatalog" name="test_create_update_delete_crop" time="0.556" /><testcase classname="backend.tests.backend_test_iter2.TestCropCatalog" name="test_delete_crop_in_use_400" time="0.592" /><testcase classname="backend.tests.backend_test_iter2.TestSignerNames" name="test_round_trip" time="0.263" /><testcase classname="backend.tests.backend_test_iter2.TestModuleCycles" name="test_open_cycle_no_end_date" time="0.162" /><testcase classname="backend.tests.backend_test_iter2.TestModuleCycles" name="test_overlap_only_when_both_closed" time="0.274" /><testcase classname="backend.tests.backend_test_iter2.TestModuleCycles" name="test_close_cycle_endpoint" time="0.649" /><testcase classname="backend.tests.backend_test_iter2.TestRemisionesIter2" name="test_confirmed_auto_egreso" time="0.342" /><testcase classname="backend.tests.backend_test_iter2.TestRemisionesIter2" name="test_draft_no_auto_egreso" time="0.209" /><testcase classname="backend.tests.backend_test_iter2.TestRemisionesIter2" name="test_draft_to_confirmed_creates_egreso_and_number" time="0.341" /><testcase classname="backend.tests.backend_test_iter2.TestRemisionesIter2" name="test_cancel_removes_auto_egreso" time="0.595" /><testcase classname="backend.tests.backend_test_iter2.TestRemisionesIter2" name="test_delete_draft_ok_confirmed_400" time="0.551" /><testcase classname="backend.tests.backend_test_iter2.TestRemisionesIter2" name="test_folio_cliente_and_signatures_roundtrip" time="0.224" /><testcase classname="backend.tests.backend_test_iter2.TestBoxMovements" name="test_create_ingreso_egreso_and_filter" time="0.376" /><testcase classname="backend.tests.backend_test_iter2.TestClientAccount" name="test_account_excludes_cancelled_and_has_boxes" time="0.475" /><testcase classname="backend.tests.backend_test_iter2.TestDashboardFilters" name="test_filters_lines_and_counts_only_matching" time="0.424" /></testsuite></testsuites>