<?xml version="1.0" encoding="utf-8"?><testsuites name="pytest tests"><testsuite name="pytest" errors="0" failures="0" skipped="0" tests="24" time="6.501" timestamp="2026-04-23T21:40:32.961454+00:00" hostname="agent-env-6ba02f1e-f2ef-40da-bb69-b21ef6024b40"><testcase classname="backend.tests.backend_test.TestAuth" name="test_login_success" time="0.439" /><testcase classname="backend.tests.backend_test.TestAuth" name="test_login_bad" time="0.387" /><testcase classname="backend.tests.backend_test.TestAuth" name="test_me" time="0.524" /><testcase classname="backend.tests.backend_test.TestAuth" name="test_no_auth_401" time="0.850" /><testcase classname="backend.tests.backend_test.TestModules" name="test_list_modules_order" time="0.105" /><testcase classname="backend.tests.backend_test.TestModules" name="test_update_module_admin" time="0.212" /><testcase classname="backend.tests.backend_test.TestModules" name="test_cycles_overlap_400" time="0.106" /><testcase classname="backend.tests.backend_test.TestModules" name="test_cycles_max2_400" time="0.138" /><testcase classname="backend.tests.backend_test.TestCompany" name="test_get_company" time="0.103" /><testcase classname="backend.tests.backend_test.TestCompany" name="test_update_company_admin" time="0.215" /><testcase classname="backend.tests.backend_test.TestClients" name="test_create_and_get" time="0.211" /><testcase classname="backend.tests.backend_test.TestClients" name="test_update" time="0.106" /><testcase classname="backend.tests.backend_test.TestClients" name="test_payment" time="0.101" /><testcase classname="backend.tests.backend_test.TestClients" name="test_box_return" time="0.134" /><testcase classname="backend.tests.backend_test.TestRemisiones" name="test_draft_no_number" time="0.102" /><testcase classname="backend.tests.backend_test.TestRemisiones" name="test_confirmed_gets_year_prefix_and_sequential" time="0.243" /><testcase classname="backend.tests.backend_test.TestRemisiones" name="test_list" time="0.107" /><testcase classname="backend.tests.backend_test.TestRemisiones" name="test_update_draft_to_confirmed_assigns_number" time="0.112" /><testcase classname="backend.tests.backend_test.TestRemisiones" name="test_delete_admin_ok" time="0.215" /><testcase classname="backend.tests.backend_test.TestRemisiones" name="test_delete_operador_403" time="0.933" /><testcase classname="backend.tests.backend_test.TestStats" name="test_dashboard" time="0.107" /><testcase classname="backend.tests.backend_test.TestStats" name="test_modules_stats_yield" time="0.115" /><testcase classname="backend.tests.backend_test.TestRBAC" name="test_operador_forbidden" time="0.426" /><testcase classname="backend.tests.backend_test.TestRBAC" name="test_operador_can_read" time="0.323" /></testsuite></testsuites>